#
# There is insufficient memory for the Java Runtime Environment to continue.
# Native memory allocation (malloc) failed to allocate 1208496 bytes for Chunk::new
# Possible reasons:
#   The system is out of physical RAM or swap space
#   The process is running with CompressedOops enabled, and the Java Heap may be blocking the growth of the native heap
# Possible solutions:
#   Reduce memory load on the system
#   Increase physical memory or swap space
#   Check if swap backing store is full
#   Decrease Java heap size (-Xmx/-Xms)
#   Decrease number of Java threads
#   Decrease Java thread stack sizes (-Xss)
#   Set larger code cache with -XX:ReservedCodeCacheSize=
#   JVM is running with Unscaled Compressed Oops mode in which the Java heap is
#     placed in the first 4GB address space. The Java Heap base address is the
#     maximum limit for the native heap growth. Please use -XX:HeapBaseMinAddress
#     to set the Java Heap base and to place the Java Heap above 4GB virtual address.
# This output file may be truncated or incomplete.
#
#  Out of Memory Error (arena.cpp:168), pid=4920, tid=22700
#
# JRE version: Java(TM) SE Runtime Environment (21.0.7+8) (build 21.0.7+8-LTS-245)
# Java VM: Java HotSpot(TM) 64-Bit Server VM (21.0.7+8-LTS-245, mixed mode, sharing, tiered, compressed oops, compressed class ptrs, g1 gc, windows-amd64)
# No core dump will be written. Minidumps are not enabled by default on client versions of Windows
#

---------------  S U M M A R Y ------------

Command Line: -Dmaven.home=EMBEDDED -Dclassworlds.conf=C:\Users\THADAKAMALLA\eclipse-Training\.metadata\.plugins\org.eclipse.m2e.launching\launches\m2conf11864067445489071253.tmp -Dmaven.multiModuleProjectDirectory=C:\Users\THADAKAMALLA\eclipse-Training\sf -Dm2e.build.project.data.socket.port=58579 -Dfile.encoding=UTF-8 -Dstdout.encoding=UTF-8 -Dstderr.encoding=UTF-8 -XX:+ShowCodeDetailsInExceptionMessages org.codehaus.plexus.classworlds.launcher.Launcher -B -Dstyle.color=always test

Host: AMD Ryzen 3 5300U with Radeon Graphics         , 8 cores, 7G,  Windows 11 , 64 bit Build 26100 (10.0.26100.7623)
Time: Wed Feb  4 16:21:04 2026 India Standard Time elapsed time: 5.074310 seconds (0d 0h 0m 5s)

---------------  T H R E A D  ---------------

Current thread (0x000002309bad8ea0):  JavaThread "C2 CompilerThread1" daemon [_thread_in_native, id=22700, stack(0x000000ff8e200000,0x000000ff8e300000) (1024K)]


Current CompileTask:
C2:   5074 4238       4       org.codehaus.plexus.interpolation.PrefixedValueSourceWrapper::getValue (39 bytes)

Stack: [0x000000ff8e200000,0x000000ff8e300000]
Native frames: (J=compiled Java code, j=interpreted, Vv=VM code, C=native code)
V  [jvm.dll+0x6cae19]
V  [jvm.dll+0x855741]
V  [jvm.dll+0x857c6e]
V  [jvm.dll+0x858343]
V  [jvm.dll+0x27e0b6]
V  [jvm.dll+0xc4ecd]
V  [jvm.dll+0xc5403]
V  [jvm.dll+0x3b5752]
V  [jvm.dll+0x1df823]
V  [jvm.dll+0x246c82]
V  [jvm.dll+0x24610f]
V  [jvm.dll+0x1c6efe]
V  [jvm.dll+0x255819]
V  [jvm.dll+0x253daa]
V  [jvm.dll+0x3eebb6]
V  [jvm.dll+0x7ffa1b]
V  [jvm.dll+0x6c94fd]
C  [ucrtbase.dll+0x37b0]
C  [KERNEL32.DLL+0x2e8d7]
C  [ntdll.dll+0x8c53c]


---------------  P R O C E S S  ---------------

Threads class SMR info:
_java_thread_list=0x000002309b1136d0, length=13, elements={
0x00000230397b9730, 0x0000023055e49460, 0x0000023055e4c640, 0x0000023055e501c0,
0x0000023055e50820, 0x0000023055e5db40, 0x0000023055e61d70, 0x0000023055e6b070,
0x0000023055e74860, 0x0000023055e63120, 0x0000023055e61050, 0x000002309bad8ea0,
0x000002309bad7360
}

Java Threads: ( => current thread )
  0x00000230397b9730 JavaThread "main"                              [_thread_in_native, id=9608, stack(0x000000ff8d000000,0x000000ff8d100000) (1024K)]
  0x0000023055e49460 JavaThread "Reference Handler"          daemon [_thread_blocked, id=21924, stack(0x000000ff8d800000,0x000000ff8d900000) (1024K)]
  0x0000023055e4c640 JavaThread "Finalizer"                  daemon [_thread_blocked, id=17728, stack(0x000000ff8d900000,0x000000ff8da00000) (1024K)]
  0x0000023055e501c0 JavaThread "Signal Dispatcher"          daemon [_thread_blocked, id=22796, stack(0x000000ff8da00000,0x000000ff8db00000) (1024K)]
  0x0000023055e50820 JavaThread "Attach Listener"            daemon [_thread_blocked, id=19044, stack(0x000000ff8db00000,0x000000ff8dc00000) (1024K)]
  0x0000023055e5db40 JavaThread "Service Thread"             daemon [_thread_blocked, id=15756, stack(0x000000ff8dc00000,0x000000ff8dd00000) (1024K)]
  0x0000023055e61d70 JavaThread "Monitor Deflation Thread"   daemon [_thread_blocked, id=18876, stack(0x000000ff8dd00000,0x000000ff8de00000) (1024K)]
  0x0000023055e6b070 JavaThread "C2 CompilerThread0"         daemon [_thread_in_native, id=22952, stack(0x000000ff8de00000,0x000000ff8df00000) (1024K)]
  0x0000023055e74860 JavaThread "C1 CompilerThread0"         daemon [_thread_blocked, id=20728, stack(0x000000ff8df00000,0x000000ff8e000000) (1024K)]
  0x0000023055e63120 JavaThread "Notification Thread"        daemon [_thread_blocked, id=22756, stack(0x000000ff8e000000,0x000000ff8e100000) (1024K)]
  0x0000023055e61050 JavaThread "Common-Cleaner"             daemon [_thread_blocked, id=11672, stack(0x000000ff8e100000,0x000000ff8e200000) (1024K)]
=>0x000002309bad8ea0 JavaThread "C2 CompilerThread1"         daemon [_thread_in_native, id=22700, stack(0x000000ff8e200000,0x000000ff8e300000) (1024K)]
  0x000002309bad7360 JavaThread "C2 CompilerThread2"         daemon [_thread_in_native, id=22708, stack(0x000000ff8e300000,0x000000ff8e400000) (1024K)]
Total: 13

Other Threads:
  0x0000023055e327a0 VMThread "VM Thread"                           [id=12188, stack(0x000000ff8d700000,0x000000ff8d800000) (1024K)]
  0x0000023055e1a860 WatcherThread "VM Periodic Task Thread"        [id=5024, stack(0x000000ff8d600000,0x000000ff8d700000) (1024K)]
  0x00000230398058d0 WorkerThread "GC Thread#0"                     [id=22548, stack(0x000000ff8d100000,0x000000ff8d200000) (1024K)]
  0x000002309c120a90 WorkerThread "GC Thread#1"                     [id=19264, stack(0x000000ff8e400000,0x000000ff8e500000) (1024K)]
  0x000002309bcc13c0 WorkerThread "GC Thread#2"                     [id=23072, stack(0x000000ff8e500000,0x000000ff8e600000) (1024K)]
  0x000002309be92340 WorkerThread "GC Thread#3"                     [id=9184, stack(0x000000ff8e600000,0x000000ff8e700000) (1024K)]
  0x000002309be926e0 WorkerThread "GC Thread#4"                     [id=23324, stack(0x000000ff8e700000,0x000000ff8e800000) (1024K)]
  0x000002309be35590 WorkerThread "GC Thread#5"                     [id=17380, stack(0x000000ff8e800000,0x000000ff8e900000) (1024K)]
  0x000002309be35930 WorkerThread "GC Thread#6"                     [id=15124, stack(0x000000ff8e900000,0x000000ff8ea00000) (1024K)]
  0x000002309c0500c0 WorkerThread "GC Thread#7"                     [id=23476, stack(0x000000ff8ea00000,0x000000ff8eb00000) (1024K)]
  0x0000023039815240 ConcurrentGCThread "G1 Main Marker"            [id=23128, stack(0x000000ff8d200000,0x000000ff8d300000) (1024K)]
  0x0000023039819280 WorkerThread "G1 Conc#0"                       [id=19544, stack(0x000000ff8d300000,0x000000ff8d400000) (1024K)]
  0x000002303987e7a0 ConcurrentGCThread "G1 Refine#0"               [id=23208, stack(0x000000ff8d400000,0x000000ff8d500000) (1024K)]
  0x0000023055cec130 ConcurrentGCThread "G1 Service"                [id=10600, stack(0x000000ff8d500000,0x000000ff8d600000) (1024K)]
Total: 14

Threads with active compile tasks:
C2 CompilerThread0     5132 4361       4       org.codehaus.plexus.interpolation.AbstractDelegatingValueSource::getValue (11 bytes)
C2 CompilerThread1     5132 4238       4       org.codehaus.plexus.interpolation.PrefixedValueSourceWrapper::getValue (39 bytes)
C2 CompilerThread2     5132 4369       4       java.util.regex.Pattern::next (33 bytes)
Total: 3

VM state: not at safepoint (normal execution)

VM Mutex/Monitor currently owned by a thread: None

Heap address: 0x000000008ac00000, size: 1876 MB, Compressed Oops mode: 32-bit

CDS archive(s) mapped at: [0x0000023056000000-0x0000023056c90000-0x0000023056c90000), size 13172736, SharedBaseAddress: 0x0000023056000000, ArchiveRelocationMode: 1.
Compressed class space mapped at: 0x0000023057000000-0x0000023097000000, reserved size: 1073741824
Narrow klass base: 0x0000023056000000, Narrow klass shift: 0, Narrow klass range: 0x100000000

GC Precious Log:
 CardTable entry size: 512
 Card Set container configuration: InlinePtr #cards 5 size 8 Array Of Cards #cards 12 size 40 Howl #buckets 4 coarsen threshold 1843 Howl Bitmap #cards 512 size 80 coarsen threshold 460 Card regions per heap region 1 cards per card region 2048
 CPUs: 8 total, 8 available
 Memory: 7502M
 Large Page Support: Disabled
 NUMA Support: Disabled
 Compressed Oops: Enabled (32-bit)
 Heap Region Size: 1M
 Heap Min Capacity: 8M
 Heap Initial Capacity: 118M
 Heap Max Capacity: 1876M
 Pre-touch: Disabled
 Parallel Workers: 8
 Concurrent Workers: 2
 Concurrent Refinement Workers: 8
 Periodic GC: Disabled

Heap:
 garbage-first heap   total 120832K, used 33830K [0x000000008ac00000, 0x0000000100000000)
  region size 1024K, 31 young (31744K), 7 survivors (7168K)
 Metaspace       used 17535K, committed 17792K, reserved 1114112K
  class space    used 1989K, committed 2112K, reserved 1048576K

Heap Regions: E=young(eden), S=young(survivor), O=old, HS=humongous(starts), HC=humongous(continues), CS=collection set, F=free, TAMS=top-at-mark-start, PB=parsable bottom
|   0|0x000000008ac00000, 0x000000008ad00000, 0x000000008ad00000|100%| O|  |TAMS 0x000000008ac00000| PB 0x000000008ac00000| Untracked 
|   1|0x000000008ad00000, 0x000000008ae00000, 0x000000008ae00000|100%| O|  |TAMS 0x000000008ad00000| PB 0x000000008ad00000| Untracked 
|   2|0x000000008ae00000, 0x000000008af00000, 0x000000008af00000|100%| O|  |TAMS 0x000000008ae00000| PB 0x000000008ae00000| Untracked 
|   3|0x000000008af00000, 0x000000008afa6590, 0x000000008b000000| 64%| O|  |TAMS 0x000000008af00000| PB 0x000000008af00000| Untracked 
|   4|0x000000008b000000, 0x000000008b000000, 0x000000008b100000|  0%| F|  |TAMS 0x000000008b000000| PB 0x000000008b000000| Untracked 
|   5|0x000000008b100000, 0x000000008b100000, 0x000000008b200000|  0%| F|  |TAMS 0x000000008b100000| PB 0x000000008b100000| Untracked 
|   6|0x000000008b200000, 0x000000008b200000, 0x000000008b300000|  0%| F|  |TAMS 0x000000008b200000| PB 0x000000008b200000| Untracked 
|   7|0x000000008b300000, 0x000000008b300000, 0x000000008b400000|  0%| F|  |TAMS 0x000000008b300000| PB 0x000000008b300000| Untracked 
|   8|0x000000008b400000, 0x000000008b400000, 0x000000008b500000|  0%| F|  |TAMS 0x000000008b400000| PB 0x000000008b400000| Untracked 
|   9|0x000000008b500000, 0x000000008b500000, 0x000000008b600000|  0%| F|  |TAMS 0x000000008b500000| PB 0x000000008b500000| Untracked 
|  10|0x000000008b600000, 0x000000008b600000, 0x000000008b700000|  0%| F|  |TAMS 0x000000008b600000| PB 0x000000008b600000| Untracked 
|  11|0x000000008b700000, 0x000000008b700000, 0x000000008b800000|  0%| F|  |TAMS 0x000000008b700000| PB 0x000000008b700000| Untracked 
|  12|0x000000008b800000, 0x000000008b800000, 0x000000008b900000|  0%| F|  |TAMS 0x000000008b800000| PB 0x000000008b800000| Untracked 
|  13|0x000000008b900000, 0x000000008b900000, 0x000000008ba00000|  0%| F|  |TAMS 0x000000008b900000| PB 0x000000008b900000| Untracked 
|  14|0x000000008ba00000, 0x000000008ba00000, 0x000000008bb00000|  0%| F|  |TAMS 0x000000008ba00000| PB 0x000000008ba00000| Untracked 
|  15|0x000000008bb00000, 0x000000008bb00000, 0x000000008bc00000|  0%| F|  |TAMS 0x000000008bb00000| PB 0x000000008bb00000| Untracked 
|  16|0x000000008bc00000, 0x000000008bc00000, 0x000000008bd00000|  0%| F|  |TAMS 0x000000008bc00000| PB 0x000000008bc00000| Untracked 
|  17|0x000000008bd00000, 0x000000008bd00000, 0x000000008be00000|  0%| F|  |TAMS 0x000000008bd00000| PB 0x000000008bd00000| Untracked 
|  18|0x000000008be00000, 0x000000008be00000, 0x000000008bf00000|  0%| F|  |TAMS 0x000000008be00000| PB 0x000000008be00000| Untracked 
|  19|0x000000008bf00000, 0x000000008bf00000, 0x000000008c000000|  0%| F|  |TAMS 0x000000008bf00000| PB 0x000000008bf00000| Untracked 
|  20|0x000000008c000000, 0x000000008c000000, 0x000000008c100000|  0%| F|  |TAMS 0x000000008c000000| PB 0x000000008c000000| Untracked 
|  21|0x000000008c100000, 0x000000008c100000, 0x000000008c200000|  0%| F|  |TAMS 0x000000008c100000| PB 0x000000008c100000| Untracked 
|  22|0x000000008c200000, 0x000000008c200000, 0x000000008c300000|  0%| F|  |TAMS 0x000000008c200000| PB 0x000000008c200000| Untracked 
|  23|0x000000008c300000, 0x000000008c300000, 0x000000008c400000|  0%| F|  |TAMS 0x000000008c300000| PB 0x000000008c300000| Untracked 
|  24|0x000000008c400000, 0x000000008c400000, 0x000000008c500000|  0%| F|  |TAMS 0x000000008c400000| PB 0x000000008c400000| Untracked 
|  25|0x000000008c500000, 0x000000008c500000, 0x000000008c600000|  0%| F|  |TAMS 0x000000008c500000| PB 0x000000008c500000| Untracked 
|  26|0x000000008c600000, 0x000000008c600000, 0x000000008c700000|  0%| F|  |TAMS 0x000000008c600000| PB 0x000000008c600000| Untracked 
|  27|0x000000008c700000, 0x000000008c700000, 0x000000008c800000|  0%| F|  |TAMS 0x000000008c700000| PB 0x000000008c700000| Untracked 
|  28|0x000000008c800000, 0x000000008c800000, 0x000000008c900000|  0%| F|  |TAMS 0x000000008c800000| PB 0x000000008c800000| Untracked 
|  29|0x000000008c900000, 0x000000008c900000, 0x000000008ca00000|  0%| F|  |TAMS 0x000000008c900000| PB 0x000000008c900000| Untracked 
|  30|0x000000008ca00000, 0x000000008ca00000, 0x000000008cb00000|  0%| F|  |TAMS 0x000000008ca00000| PB 0x000000008ca00000| Untracked 
|  31|0x000000008cb00000, 0x000000008cb00000, 0x000000008cc00000|  0%| F|  |TAMS 0x000000008cb00000| PB 0x000000008cb00000| Untracked 
|  32|0x000000008cc00000, 0x000000008cc00000, 0x000000008cd00000|  0%| F|  |TAMS 0x000000008cc00000| PB 0x000000008cc00000| Untracked 
|  33|0x000000008cd00000, 0x000000008cd00000, 0x000000008ce00000|  0%| F|  |TAMS 0x000000008cd00000| PB 0x000000008cd00000| Untracked 
|  34|0x000000008ce00000, 0x000000008ce00000, 0x000000008cf00000|  0%| F|  |TAMS 0x000000008ce00000| PB 0x000000008ce00000| Untracked 
|  35|0x000000008cf00000, 0x000000008cf00000, 0x000000008d000000|  0%| F|  |TAMS 0x000000008cf00000| PB 0x000000008cf00000| Untracked 
|  36|0x000000008d000000, 0x000000008d000000, 0x000000008d100000|  0%| F|  |TAMS 0x000000008d000000| PB 0x000000008d000000| Untracked 
|  37|0x000000008d100000, 0x000000008d100000, 0x000000008d200000|  0%| F|  |TAMS 0x000000008d100000| PB 0x000000008d100000| Untracked 
|  38|0x000000008d200000, 0x000000008d200000, 0x000000008d300000|  0%| F|  |TAMS 0x000000008d200000| PB 0x000000008d200000| Untracked 
|  39|0x000000008d300000, 0x000000008d300000, 0x000000008d400000|  0%| F|  |TAMS 0x000000008d300000| PB 0x000000008d300000| Untracked 
|  40|0x000000008d400000, 0x000000008d400000, 0x000000008d500000|  0%| F|  |TAMS 0x000000008d400000| PB 0x000000008d400000| Untracked 
|  41|0x000000008d500000, 0x000000008d5635e0, 0x000000008d600000| 38%| S|CS|TAMS 0x000000008d500000| PB 0x000000008d500000| Complete 
|  42|0x000000008d600000, 0x000000008d700000, 0x000000008d700000|100%| S|CS|TAMS 0x000000008d600000| PB 0x000000008d600000| Complete 
|  43|0x000000008d700000, 0x000000008d800000, 0x000000008d800000|100%| S|CS|TAMS 0x000000008d700000| PB 0x000000008d700000| Complete 
|  44|0x000000008d800000, 0x000000008d900000, 0x000000008d900000|100%| S|CS|TAMS 0x000000008d800000| PB 0x000000008d800000| Complete 
|  45|0x000000008d900000, 0x000000008da00000, 0x000000008da00000|100%| S|CS|TAMS 0x000000008d900000| PB 0x000000008d900000| Complete 
|  46|0x000000008da00000, 0x000000008db00000, 0x000000008db00000|100%| S|CS|TAMS 0x000000008da00000| PB 0x000000008da00000| Complete 
|  47|0x000000008db00000, 0x000000008dc00000, 0x000000008dc00000|100%| S|CS|TAMS 0x000000008db00000| PB 0x000000008db00000| Complete 
|  48|0x000000008dc00000, 0x000000008dc00000, 0x000000008dd00000|  0%| F|  |TAMS 0x000000008dc00000| PB 0x000000008dc00000| Untracked 
|  49|0x000000008dd00000, 0x000000008dd00000, 0x000000008de00000|  0%| F|  |TAMS 0x000000008dd00000| PB 0x000000008dd00000| Untracked 
|  50|0x000000008de00000, 0x000000008de00000, 0x000000008df00000|  0%| F|  |TAMS 0x000000008de00000| PB 0x000000008de00000| Untracked 
|  51|0x000000008df00000, 0x000000008df00000, 0x000000008e000000|  0%| F|  |TAMS 0x000000008df00000| PB 0x000000008df00000| Untracked 
|  52|0x000000008e000000, 0x000000008e000000, 0x000000008e100000|  0%| F|  |TAMS 0x000000008e000000| PB 0x000000008e000000| Untracked 
|  53|0x000000008e100000, 0x000000008e100000, 0x000000008e200000|  0%| F|  |TAMS 0x000000008e100000| PB 0x000000008e100000| Untracked 
|  54|0x000000008e200000, 0x000000008e200000, 0x000000008e300000|  0%| F|  |TAMS 0x000000008e200000| PB 0x000000008e200000| Untracked 
|  55|0x000000008e300000, 0x000000008e300000, 0x000000008e400000|  0%| F|  |TAMS 0x000000008e300000| PB 0x000000008e300000| Untracked 
|  56|0x000000008e400000, 0x000000008e400000, 0x000000008e500000|  0%| F|  |TAMS 0x000000008e400000| PB 0x000000008e400000| Untracked 
|  57|0x000000008e500000, 0x000000008e500000, 0x000000008e600000|  0%| F|  |TAMS 0x000000008e500000| PB 0x000000008e500000| Untracked 
|  58|0x000000008e600000, 0x000000008e600000, 0x000000008e700000|  0%| F|  |TAMS 0x000000008e600000| PB 0x000000008e600000| Untracked 
|  59|0x000000008e700000, 0x000000008e700000, 0x000000008e800000|  0%| F|  |TAMS 0x000000008e700000| PB 0x000000008e700000| Untracked 
|  60|0x000000008e800000, 0x000000008e800000, 0x000000008e900000|  0%| F|  |TAMS 0x000000008e800000| PB 0x000000008e800000| Untracked 
|  61|0x000000008e900000, 0x000000008e900000, 0x000000008ea00000|  0%| F|  |TAMS 0x000000008e900000| PB 0x000000008e900000| Untracked 
|  62|0x000000008ea00000, 0x000000008ea00000, 0x000000008eb00000|  0%| F|  |TAMS 0x000000008ea00000| PB 0x000000008ea00000| Untracked 
|  63|0x000000008eb00000, 0x000000008eb00000, 0x000000008ec00000|  0%| F|  |TAMS 0x000000008eb00000| PB 0x000000008eb00000| Untracked 
|  64|0x000000008ec00000, 0x000000008ec00000, 0x000000008ed00000|  0%| F|  |TAMS 0x000000008ec00000| PB 0x000000008ec00000| Untracked 
|  65|0x000000008ed00000, 0x000000008ed00000, 0x000000008ee00000|  0%| F|  |TAMS 0x000000008ed00000| PB 0x000000008ed00000| Untracked 
|  66|0x000000008ee00000, 0x000000008ee00000, 0x000000008ef00000|  0%| F|  |TAMS 0x000000008ee00000| PB 0x000000008ee00000| Untracked 
|  67|0x000000008ef00000, 0x000000008ef00000, 0x000000008f000000|  0%| F|  |TAMS 0x000000008ef00000| PB 0x000000008ef00000| Untracked 
|  68|0x000000008f000000, 0x000000008f000000, 0x000000008f100000|  0%| F|  |TAMS 0x000000008f000000| PB 0x000000008f000000| Untracked 
|  69|0x000000008f100000, 0x000000008f100000, 0x000000008f200000|  0%| F|  |TAMS 0x000000008f100000| PB 0x000000008f100000| Untracked 
|  70|0x000000008f200000, 0x000000008f200000, 0x000000008f300000|  0%| F|  |TAMS 0x000000008f200000| PB 0x000000008f200000| Untracked 
|  71|0x000000008f300000, 0x000000008f300000, 0x000000008f400000|  0%| F|  |TAMS 0x000000008f300000| PB 0x000000008f300000| Untracked 
|  72|0x000000008f400000, 0x000000008f400000, 0x000000008f500000|  0%| F|  |TAMS 0x000000008f400000| PB 0x000000008f400000| Untracked 
|  73|0x000000008f500000, 0x000000008f500000, 0x000000008f600000|  0%| F|  |TAMS 0x000000008f500000| PB 0x000000008f500000| Untracked 
|  74|0x000000008f600000, 0x000000008f600000, 0x000000008f700000|  0%| F|  |TAMS 0x000000008f600000| PB 0x000000008f600000| Untracked 
|  75|0x000000008f700000, 0x000000008f700000, 0x000000008f800000|  0%| F|  |TAMS 0x000000008f700000| PB 0x000000008f700000| Untracked 
|  76|0x000000008f800000, 0x000000008f800000, 0x000000008f900000|  0%| F|  |TAMS 0x000000008f800000| PB 0x000000008f800000| Untracked 
|  77|0x000000008f900000, 0x000000008f900000, 0x000000008fa00000|  0%| F|  |TAMS 0x000000008f900000| PB 0x000000008f900000| Untracked 
|  78|0x000000008fa00000, 0x000000008fa00000, 0x000000008fb00000|  0%| F|  |TAMS 0x000000008fa00000| PB 0x000000008fa00000| Untracked 
|  79|0x000000008fb00000, 0x000000008fb00000, 0x000000008fc00000|  0%| F|  |TAMS 0x000000008fb00000| PB 0x000000008fb00000| Untracked 
|  80|0x000000008fc00000, 0x000000008fc00000, 0x000000008fd00000|  0%| F|  |TAMS 0x000000008fc00000| PB 0x000000008fc00000| Untracked 
|  81|0x000000008fd00000, 0x000000008fd00000, 0x000000008fe00000|  0%| F|  |TAMS 0x000000008fd00000| PB 0x000000008fd00000| Untracked 
|  82|0x000000008fe00000, 0x000000008fe00000, 0x000000008ff00000|  0%| F|  |TAMS 0x000000008fe00000| PB 0x000000008fe00000| Untracked 
|  83|0x000000008ff00000, 0x000000008ff00000, 0x0000000090000000|  0%| F|  |TAMS 0x000000008ff00000| PB 0x000000008ff00000| Untracked 
|  84|0x0000000090000000, 0x0000000090000000, 0x0000000090100000|  0%| F|  |TAMS 0x0000000090000000| PB 0x0000000090000000| Untracked 
|  85|0x0000000090100000, 0x0000000090100000, 0x0000000090200000|  0%| F|  |TAMS 0x0000000090100000| PB 0x0000000090100000| Untracked 
|  86|0x0000000090200000, 0x0000000090200000, 0x0000000090300000|  0%| F|  |TAMS 0x0000000090200000| PB 0x0000000090200000| Untracked 
|  87|0x0000000090300000, 0x0000000090300000, 0x0000000090400000|  0%| F|  |TAMS 0x0000000090300000| PB 0x0000000090300000| Untracked 
|  88|0x0000000090400000, 0x0000000090400000, 0x0000000090500000|  0%| F|  |TAMS 0x0000000090400000| PB 0x0000000090400000| Untracked 
|  89|0x0000000090500000, 0x0000000090500000, 0x0000000090600000|  0%| F|  |TAMS 0x0000000090500000| PB 0x0000000090500000| Untracked 
|  90|0x0000000090600000, 0x0000000090600000, 0x0000000090700000|  0%| F|  |TAMS 0x0000000090600000| PB 0x0000000090600000| Untracked 
|  91|0x0000000090700000, 0x0000000090700000, 0x0000000090800000|  0%| F|  |TAMS 0x0000000090700000| PB 0x0000000090700000| Untracked 
|  92|0x0000000090800000, 0x0000000090800000, 0x0000000090900000|  0%| F|  |TAMS 0x0000000090800000| PB 0x0000000090800000| Untracked 
|  93|0x0000000090900000, 0x0000000090900000, 0x0000000090a00000|  0%| F|  |TAMS 0x0000000090900000| PB 0x0000000090900000| Untracked 
|  94|0x0000000090a00000, 0x0000000090b00000, 0x0000000090b00000|100%| E|  |TAMS 0x0000000090a00000| PB 0x0000000090a00000| Complete 
|  95|0x0000000090b00000, 0x0000000090c00000, 0x0000000090c00000|100%| E|CS|TAMS 0x0000000090b00000| PB 0x0000000090b00000| Complete 
|  96|0x0000000090c00000, 0x0000000090d00000, 0x0000000090d00000|100%| E|CS|TAMS 0x0000000090c00000| PB 0x0000000090c00000| Complete 
|  97|0x0000000090d00000, 0x0000000090e00000, 0x0000000090e00000|100%| E|CS|TAMS 0x0000000090d00000| PB 0x0000000090d00000| Complete 
|  98|0x0000000090e00000, 0x0000000090f00000, 0x0000000090f00000|100%| E|CS|TAMS 0x0000000090e00000| PB 0x0000000090e00000| Complete 
|  99|0x0000000090f00000, 0x0000000091000000, 0x0000000091000000|100%| E|CS|TAMS 0x0000000090f00000| PB 0x0000000090f00000| Complete 
| 100|0x0000000091000000, 0x0000000091100000, 0x0000000091100000|100%| E|CS|TAMS 0x0000000091000000| PB 0x0000000091000000| Complete 
| 101|0x0000000091100000, 0x0000000091200000, 0x0000000091200000|100%| E|CS|TAMS 0x0000000091100000| PB 0x0000000091100000| Complete 
| 102|0x0000000091200000, 0x0000000091300000, 0x0000000091300000|100%| E|CS|TAMS 0x0000000091200000| PB 0x0000000091200000| Complete 
| 103|0x0000000091300000, 0x0000000091400000, 0x0000000091400000|100%| E|CS|TAMS 0x0000000091300000| PB 0x0000000091300000| Complete 
| 104|0x0000000091400000, 0x0000000091500000, 0x0000000091500000|100%| E|CS|TAMS 0x0000000091400000| PB 0x0000000091400000| Complete 
| 105|0x0000000091500000, 0x0000000091600000, 0x0000000091600000|100%| E|CS|TAMS 0x0000000091500000| PB 0x0000000091500000| Complete 
| 106|0x0000000091600000, 0x0000000091700000, 0x0000000091700000|100%| E|CS|TAMS 0x0000000091600000| PB 0x0000000091600000| Complete 
| 107|0x0000000091700000, 0x0000000091800000, 0x0000000091800000|100%| E|CS|TAMS 0x0000000091700000| PB 0x0000000091700000| Complete 
| 108|0x0000000091800000, 0x0000000091900000, 0x0000000091900000|100%| E|CS|TAMS 0x0000000091800000| PB 0x0000000091800000| Complete 
| 109|0x0000000091900000, 0x0000000091a00000, 0x0000000091a00000|100%| E|CS|TAMS 0x0000000091900000| PB 0x0000000091900000| Complete 
| 110|0x0000000091a00000, 0x0000000091b00000, 0x0000000091b00000|100%| E|CS|TAMS 0x0000000091a00000| PB 0x0000000091a00000| Complete 
| 111|0x0000000091b00000, 0x0000000091c00000, 0x0000000091c00000|100%| E|CS|TAMS 0x0000000091b00000| PB 0x0000000091b00000| Complete 
| 112|0x0000000091c00000, 0x0000000091d00000, 0x0000000091d00000|100%| E|CS|TAMS 0x0000000091c00000| PB 0x0000000091c00000| Complete 
| 113|0x0000000091d00000, 0x0000000091e00000, 0x0000000091e00000|100%| E|CS|TAMS 0x0000000091d00000| PB 0x0000000091d00000| Complete 
| 114|0x0000000091e00000, 0x0000000091f00000, 0x0000000091f00000|100%| E|CS|TAMS 0x0000000091e00000| PB 0x0000000091e00000| Complete 
| 115|0x0000000091f00000, 0x0000000092000000, 0x0000000092000000|100%| E|CS|TAMS 0x0000000091f00000| PB 0x0000000091f00000| Complete 
| 116|0x0000000092000000, 0x0000000092100000, 0x0000000092100000|100%| E|CS|TAMS 0x0000000092000000| PB 0x0000000092000000| Complete 
| 117|0x0000000092100000, 0x0000000092200000, 0x0000000092200000|100%| E|CS|TAMS 0x0000000092100000| PB 0x0000000092100000| Complete 

Card table byte_map: [0x0000023051330000,0x00000230516e0000] _byte_map_base: 0x0000023050eda000

Marking Bits: (CMBitMap*) 0x0000023039805ee0
 Bits: [0x00000230516e0000, 0x0000023053430000)

Polling page: 0x0000023037990000

Metaspace:

Usage:
  Non-class:     15.18 MB used.
      Class:      1.94 MB used.
       Both:     17.13 MB used.

Virtual space:
  Non-class space:       64.00 MB reserved,      15.31 MB ( 24%) committed,  1 nodes.
      Class space:        1.00 GB reserved,       2.06 MB ( <1%) committed,  1 nodes.
             Both:        1.06 GB reserved,      17.38 MB (  2%) committed. 

Chunk freelists:
   Non-Class:  736.00 KB
       Class:  13.82 MB
        Both:  14.54 MB

MaxMetaspaceSize: unlimited
CompressedClassSpaceSize: 1.00 GB
Initial GC threshold: 21.00 MB
Current GC threshold: 21.00 MB
CDS: on
 - commit_granule_bytes: 65536.
 - commit_granule_words: 8192.
 - virtual_space_node_default_size: 8388608.
 - enlarge_chunks_in_place: 1.
 - use_allocation_guard: 0.


Internal statistics:

num_allocs_failed_limit: 0.
num_arena_births: 188.
num_arena_deaths: 0.
num_vsnodes_births: 2.
num_vsnodes_deaths: 0.
num_space_committed: 278.
num_space_uncommitted: 0.
num_chunks_returned_to_freelist: 0.
num_chunks_taken_from_freelist: 778.
num_chunk_merges: 0.
num_chunk_splits: 537.
num_chunks_enlarged: 440.
num_inconsistent_stats: 0.

CodeHeap 'non-profiled nmethods': size=120000Kb used=2277Kb max_used=2277Kb free=117723Kb
 bounds [0x0000023049720000, 0x0000023049990000, 0x0000023050c50000]
CodeHeap 'profiled nmethods': size=120000Kb used=9036Kb max_used=9036Kb free=110963Kb
 bounds [0x0000023041c50000, 0x0000023042530000, 0x0000023049180000]
CodeHeap 'non-nmethods': size=5760Kb used=1415Kb max_used=1465Kb free=4345Kb
 bounds [0x0000023049180000, 0x00000230493f0000, 0x0000023049720000]
 total_blobs=4905 nmethods=4399 adapters=410
 compilation: enabled
              stopped_count=0, restarted_count=0
 full_count=0

Compilation events (20 events):
Event: 4.875 Thread 0x0000023055e74860 nmethod 4362 0x0000023042506190 code [0x0000023042506360, 0x0000023042506680]
Event: 4.875 Thread 0x0000023055e74860 4363       3       java.util.Collections$SingletonList::<init> (10 bytes)
Event: 4.875 Thread 0x0000023055e74860 nmethod 4363 0x0000023042506790 code [0x0000023042506940, 0x0000023042506bc8]
Event: 4.875 Thread 0x0000023055e74860 4364       1       org.eclipse.aether.DefaultRepositorySystemSession::getArtifactTypeRegistry (5 bytes)
Event: 4.875 Thread 0x0000023055e74860 nmethod 4364 0x000002304994ec90 code [0x000002304994ee20, 0x000002304994eee8]
Event: 4.877 Thread 0x0000023055e74860 4365       3       org.slf4j.LoggerFactory::getLogger (12 bytes)
Event: 4.877 Thread 0x0000023055e74860 nmethod 4365 0x0000023042506d10 code [0x0000023042506ee0, 0x00000230425071f0]
Event: 4.889 Thread 0x0000023055e74860 4366       3       org.slf4j.LoggerFactory::getLogger (67 bytes)
Event: 4.891 Thread 0x0000023055e74860 nmethod 4366 0x0000023042507310 code [0x00000230425077a0, 0x00000230425096f0]
Event: 4.902 Thread 0x0000023055e74860 4367   !   3       org.apache.maven.model.Parent::clone (73 bytes)
Event: 4.904 Thread 0x0000023055e74860 nmethod 4367 0x000002304250a210 code [0x000002304250a4e0, 0x000002304250b210]
Event: 4.904 Thread 0x0000023055e74860 4368       3       java.util.TreeMap::<init> (20 bytes)
Event: 4.904 Thread 0x0000023055e74860 nmethod 4368 0x000002304250b790 code [0x000002304250b940, 0x000002304250bb48]
Event: 4.917 Thread 0x0000023055e74860 4370       3       org.apache.maven.model.building.DefaultModelProblemCollector::setSource (11 bytes)
Event: 4.917 Thread 0x0000023055e74860 nmethod 4370 0x000002304250bc10 code [0x000002304250bdc0, 0x000002304250bf40]
Event: 4.919 Thread 0x0000023055e74860 4371       3       org.apache.maven.model.Model::setPomFile (17 bytes)
Event: 4.920 Thread 0x0000023055e74860 nmethod 4371 0x000002304250c010 code [0x000002304250c1c0, 0x000002304250c3d8]
Event: 4.942 Thread 0x0000023055e74860 4372   !   3       org.apache.maven.model.DeploymentRepository::clone (51 bytes)
Event: 4.943 Thread 0x0000023055e74860 nmethod 4372 0x000002304250c490 code [0x000002304250c720, 0x000002304250d140]
Event: 4.953 Thread 0x0000023055e74860 4373       3       org.apache.maven.model.building.DefaultModelBuilder::getInterpolatedProfiles (219 bytes)

GC Heap History (6 events):
Event: 1.223 GC heap before
{Heap before GC invocations=0 (full 0):
 garbage-first heap   total 120832K, used 22528K [0x000000008ac00000, 0x0000000100000000)
  region size 1024K, 23 young (23552K), 0 survivors (0K)
 Metaspace       used 5796K, committed 6016K, reserved 1114112K
  class space    used 669K, committed 768K, reserved 1048576K
}
Event: 1.230 GC heap after
{Heap after GC invocations=1 (full 0):
 garbage-first heap   total 120832K, used 3744K [0x000000008ac00000, 0x0000000100000000)
  region size 1024K, 3 young (3072K), 3 survivors (3072K)
 Metaspace       used 5796K, committed 6016K, reserved 1114112K
  class space    used 669K, committed 768K, reserved 1048576K
}
Event: 2.102 GC heap before
{Heap before GC invocations=1 (full 0):
 garbage-first heap   total 120832K, used 35488K [0x000000008ac00000, 0x0000000100000000)
  region size 1024K, 34 young (34816K), 3 survivors (3072K)
 Metaspace       used 10357K, committed 10496K, reserved 1114112K
  class space    used 1220K, committed 1280K, reserved 1048576K
}
Event: 2.112 GC heap after
{Heap after GC invocations=2 (full 0):
 garbage-first heap   total 120832K, used 5785K [0x000000008ac00000, 0x0000000100000000)
  region size 1024K, 2 young (2048K), 2 survivors (2048K)
 Metaspace       used 10357K, committed 10496K, reserved 1114112K
  class space    used 1220K, committed 1280K, reserved 1048576K
}
Event: 4.217 GC heap before
{Heap before GC invocations=2 (full 0):
 garbage-first heap   total 120832K, used 75417K [0x000000008ac00000, 0x0000000100000000)
  region size 1024K, 70 young (71680K), 2 survivors (2048K)
 Metaspace       used 16323K, committed 16576K, reserved 1114112K
  class space    used 1869K, committed 1984K, reserved 1048576K
}
Event: 4.229 GC heap after
{Heap after GC invocations=3 (full 0):
 garbage-first heap   total 120832K, used 10278K [0x000000008ac00000, 0x0000000100000000)
  region size 1024K, 7 young (7168K), 7 survivors (7168K)
 Metaspace       used 16323K, committed 16576K, reserved 1114112K
  class space    used 1869K, committed 1984K, reserved 1048576K
}

Dll operation events (9 events):
Event: 0.013 Loaded shared library C:\Program Files\Java\jdk-21\bin\java.dll
Event: 0.061 Loaded shared library C:\Program Files\Java\jdk-21\bin\jsvml.dll
Event: 0.098 Loaded shared library C:\Program Files\Java\jdk-21\bin\net.dll
Event: 0.103 Loaded shared library C:\Program Files\Java\jdk-21\bin\nio.dll
Event: 0.110 Loaded shared library C:\Program Files\Java\jdk-21\bin\zip.dll
Event: 0.435 Loaded shared library C:\Program Files\Java\jdk-21\bin\jimage.dll
Event: 0.500 Loaded shared library C:\Users\THADAKAMALLA\AppData\Local\Temp\jansi-2.4.1-cc077fe16c26b1eb-jansi.dll
Event: 2.176 Loaded shared library C:\Program Files\Java\jdk-21\bin\verify.dll
Event: 2.527 Loaded shared library C:\Program Files\Java\jdk-21\bin\extnet.dll

Deoptimization events (20 events):
Event: 4.717 Thread 0x00000230397b9730 DEOPT PACKING pc=0x00000230498b2428 sp=0x000000ff8d0fd2a0
Event: 4.717 Thread 0x00000230397b9730 DEOPT UNPACKING pc=0x00000230491d46a2 sp=0x000000ff8d0fd248 mode 2
Event: 4.718 Thread 0x00000230397b9730 Uncommon trap: trap_request=0xffffffde fr.pc=0x00000230498fb980 relative=0x0000000000000660
Event: 4.718 Thread 0x00000230397b9730 Uncommon trap: reason=class_check action=maybe_recompile pc=0x00000230498fb980 method=org.eclipse.sisu.inject.LazyBeanEntry.getValue()Ljava/lang/Object; @ 4 c2
Event: 4.718 Thread 0x00000230397b9730 DEOPT PACKING pc=0x00000230498fb980 sp=0x000000ff8d0fe280
Event: 4.718 Thread 0x00000230397b9730 DEOPT UNPACKING pc=0x00000230491d46a2 sp=0x000000ff8d0fe290 mode 2
Event: 4.736 Thread 0x00000230397b9730 Uncommon trap: trap_request=0xffffffde fr.pc=0x00000230498fb980 relative=0x0000000000000660
Event: 4.736 Thread 0x00000230397b9730 Uncommon trap: reason=class_check action=maybe_recompile pc=0x00000230498fb980 method=org.eclipse.sisu.inject.LazyBeanEntry.getValue()Ljava/lang/Object; @ 4 c2
Event: 4.736 Thread 0x00000230397b9730 DEOPT PACKING pc=0x00000230498fb980 sp=0x000000ff8d0fe1b0
Event: 4.736 Thread 0x00000230397b9730 DEOPT UNPACKING pc=0x00000230491d46a2 sp=0x000000ff8d0fe1c0 mode 2
Event: 4.765 Thread 0x00000230397b9730 Uncommon trap: trap_request=0xffffff45 fr.pc=0x000002304986bcb8 relative=0x0000000000000818
Event: 4.765 Thread 0x00000230397b9730 Uncommon trap: reason=unstable_if action=reinterpret pc=0x000002304986bcb8 method=java.util.HashMap.hash(Ljava/lang/Object;)I @ 1 c2
Event: 4.765 Thread 0x00000230397b9730 DEOPT PACKING pc=0x000002304986bcb8 sp=0x000000ff8d0fbee0
Event: 4.765 Thread 0x00000230397b9730 DEOPT UNPACKING pc=0x00000230491d46a2 sp=0x000000ff8d0fbe60 mode 2
Event: 4.853 Thread 0x00000230397b9730 DEOPT PACKING pc=0x00000230423d5e65 sp=0x000000ff8d0fccb0
Event: 4.853 Thread 0x00000230397b9730 DEOPT UNPACKING pc=0x00000230491d4e42 sp=0x000000ff8d0fc1f0 mode 0
Event: 5.052 Thread 0x00000230397b9730 Uncommon trap: trap_request=0xffffff6e fr.pc=0x0000023049745804 relative=0x0000000000000164
Event: 5.070 Thread 0x00000230397b9730 Uncommon trap: reason=loop_limit_check action=maybe_recompile pc=0x0000023049745804 method=java.lang.StringLatin1.lastIndexOf([BII)I @ 19 c2
Event: 5.070 Thread 0x00000230397b9730 DEOPT PACKING pc=0x0000023049745804 sp=0x000000ff8d0fd880
Event: 5.070 Thread 0x00000230397b9730 DEOPT UNPACKING pc=0x00000230491d46a2 sp=0x000000ff8d0fd800 mode 2

Classes loaded (20 events):
Event: 4.760 Loading class java/time/DateTimeException done
Event: 4.760 Loading class java/time/format/DateTimeParseException done
Event: 4.765 Loading class java/time/zone/ZoneRulesProvider
Event: 4.766 Loading class java/time/zone/ZoneRulesProvider done
Event: 4.766 Loading class java/time/zone/ZoneRulesProvider$1
Event: 4.766 Loading class java/time/zone/ZoneRulesProvider$1 done
Event: 4.766 Loading class java/time/zone/TzdbZoneRulesProvider
Event: 4.767 Loading class java/time/zone/TzdbZoneRulesProvider done
Event: 4.771 Loading class java/time/zone/Ser
Event: 4.771 Loading class java/io/Externalizable
Event: 4.771 Loading class java/io/Externalizable done
Event: 4.771 Loading class java/time/zone/Ser done
Event: 4.772 Loading class java/time/zone/ZoneOffsetTransition
Event: 4.773 Loading class java/time/zone/ZoneOffsetTransition done
Event: 4.781 Loading class jdk/internal/reflect/MethodHandleBooleanFieldAccessorImpl
Event: 4.781 Loading class jdk/internal/reflect/MethodHandleBooleanFieldAccessorImpl done
Event: 4.799 Loading class java/lang/Character$UnicodeBlock
Event: 4.800 Loading class java/lang/Character$Subset
Event: 4.800 Loading class java/lang/Character$Subset done
Event: 4.801 Loading class java/lang/Character$UnicodeBlock done

Classes unloaded (0 events):
No events

Classes redefined (0 events):
No events

Internal exceptions (20 events):
Event: 2.212 Thread 0x00000230397b9730 Implicit null exception at 0x00000230497c885a to 0x00000230497c8a54
Event: 2.215 Thread 0x00000230397b9730 Exception <a 'java/lang/NoSuchMethodError'{0x0000000091ee96c8}: 'java.lang.Object java.lang.invoke.Invokers$Holder.invokeExact_MT(java.lang.Object, int, java.lang.Object)'> (0x0000000091ee96c8) 
thrown [s\open\src\hotspot\share\interpreter\linkResolver.cpp, line 773]
Event: 2.482 Thread 0x00000230397b9730 Exception <a 'java/lang/NoSuchMethodError'{0x00000000916e61a8}: 'void java.lang.invoke.Invokers$Holder.invokeExact_MT(java.lang.Object, java.lang.Object, java.lang.Object, java.lang.Object)'> (0x00000000916e61a8) 
thrown [s\open\src\hotspot\share\interpreter\linkResolver.cpp, line 773]
Event: 2.515 Thread 0x00000230397b9730 Exception <a 'java/lang/NoClassDefFoundError'{0x000000009157add8}: com/google/inject/servlet/ServletModuleTargetVisitor> (0x000000009157add8) 
thrown [s\open\src\hotspot\share\classfile\systemDictionary.cpp, line 301]
Event: 2.623 Thread 0x00000230397b9730 Exception <a 'java/lang/NoSuchMethodError'{0x0000000091343948}: 'void java.lang.invoke.DirectMethodHandle$Holder.invokeVirtual(java.lang.Object, java.lang.Object)'> (0x0000000091343948) 
thrown [s\open\src\hotspot\share\interpreter\linkResolver.cpp, line 773]
Event: 2.663 Thread 0x00000230397b9730 Exception <a 'java/lang/NoSuchMethodError'{0x00000000913c3220}: 'java.lang.Object java.lang.invoke.DirectMethodHandle$Holder.invokeStaticInit(java.lang.Object, int, int, int, int)'> (0x00000000913c3220) 
thrown [s\open\src\hotspot\share\interpreter\linkResolver.cpp, line 773]
Event: 2.805 Thread 0x00000230397b9730 Exception <a 'java/lang/NoSuchMethodError'{0x0000000090fa1588}: 'void java.lang.invoke.DirectMethodHandle$Holder.invokeSpecial(java.lang.Object, java.lang.Object, java.lang.Object, java.lang.Object, java.lang.Object)'> (0x0000000090fa1588) 
thrown [s\open\src\hotspot\share\interpreter\linkResolver.cpp, line 773]
Event: 2.809 Thread 0x00000230397b9730 Exception <a 'java/lang/NoSuchMethodError'{0x0000000090fbb2d8}: 'java.lang.Object java.lang.invoke.DirectMethodHandle$Holder.invokeVirtual(java.lang.Object, java.lang.Object, java.lang.Object)'> (0x0000000090fbb2d8) 
thrown [s\open\src\hotspot\share\interpreter\linkResolver.cpp, line 773]
Event: 2.812 Thread 0x00000230397b9730 Exception <a 'java/lang/NoSuchMethodError'{0x0000000090fcc790}: 'void java.lang.invoke.DirectMethodHandle$Holder.invokeSpecial(java.lang.Object, java.lang.Object, java.lang.Object, java.lang.Object, java.lang.Object, java.lang.Object)'> (0x0000000090fcc790) 
thrown [s\open\src\hotspot\share\interpreter\linkResolver.cpp, line 773]
Event: 2.871 Thread 0x00000230397b9730 Exception <a 'java/lang/NoSuchMethodError'{0x0000000090d478e8}: 'void java.lang.invoke.DirectMethodHandle$Holder.invokeVirtual(java.lang.Object, java.lang.Object, int)'> (0x0000000090d478e8) 
thrown [s\open\src\hotspot\share\interpreter\linkResolver.cpp, line 773]
Event: 2.872 Thread 0x00000230397b9730 Exception <a 'java/lang/NoSuchMethodError'{0x0000000090d4b698}: 'void java.lang.invoke.DirectMethodHandle$Holder.invokeSpecial(java.lang.Object, java.lang.Object, java.lang.Object, int)'> (0x0000000090d4b698) 
thrown [s\open\src\hotspot\share\interpreter\linkResolver.cpp, line 773]
Event: 2.873 Thread 0x00000230397b9730 Exception <a 'java/lang/NoSuchMethodError'{0x0000000090d4ed68}: 'void java.lang.invoke.DelegatingMethodHandle$Holder.reinvoke_L(java.lang.Object, java.lang.Object, int)'> (0x0000000090d4ed68) 
thrown [s\open\src\hotspot\share\interpreter\linkResolver.cpp, line 773]
Event: 4.263 Thread 0x00000230397b9730 Implicit null exception at 0x000002304984a29a to 0x000002304984a4b0
Event: 4.263 Thread 0x00000230397b9730 Implicit null exception at 0x000002304981d71a to 0x000002304981d930
Event: 4.263 Thread 0x00000230397b9730 Implicit null exception at 0x00000230497eb93d to 0x00000230497eb9c1
Event: 4.451 Thread 0x00000230397b9730 Exception <a 'java/lang/NoSuchMethodError'{0x0000000091e9cda8}: 'java.lang.Object java.lang.invoke.DirectMethodHandle$Holder.newInvokeSpecial(java.lang.Object, java.lang.Object, java.lang.Object, java.lang.Object, java.lang.Object, java.lang.Object, java.lang.Object)'> (0x0000000091e9cda8) 
thrown [s\open\src\hotspot\share\interpreter\linkResolver.cpp, line 773]
Event: 4.716 Thread 0x00000230397b9730 Implicit null exception at 0x00000230498f4477 to 0x00000230498f4c34
Event: 4.733 Thread 0x00000230397b9730 Exception <a 'java/lang/NoSuchMethodError'{0x000000009142d258}: 'int java.lang.invoke.DirectMethodHandle$Holder.invokeVirtual(java.lang.Object, java.lang.Object)'> (0x000000009142d258) 
thrown [s\open\src\hotspot\share\interpreter\linkResolver.cpp, line 773]
Event: 4.765 Thread 0x00000230397b9730 Implicit null exception at 0x000002304986b4e9 to 0x000002304986bc9c
Event: 4.782 Thread 0x00000230397b9730 Exception <a 'java/lang/NoSuchMethodError'{0x00000000913ce2f8}: 'void java.lang.invoke.Invokers$Holder.invokeExact_MT(java.lang.Object, java.lang.Object, int, java.lang.Object)'> (0x00000000913ce2f8) 
thrown [s\open\src\hotspot\share\interpreter\linkResolver.cpp, line 773]

ZGC Phase Switch (0 events):
No events

VM Operations (20 events):
Event: 2.477 Executing VM operation: HandshakeAllThreads (Deoptimize)
Event: 2.477 Executing VM operation: HandshakeAllThreads (Deoptimize) done
Event: 2.522 Executing VM operation: HandshakeAllThreads (Deoptimize)
Event: 2.522 Executing VM operation: HandshakeAllThreads (Deoptimize) done
Event: 2.638 Executing VM operation: HandshakeAllThreads (Deoptimize)
Event: 2.638 Executing VM operation: HandshakeAllThreads (Deoptimize) done
Event: 2.682 Executing VM operation: HandshakeAllThreads (Deoptimize)
Event: 2.682 Executing VM operation: HandshakeAllThreads (Deoptimize) done
Event: 2.723 Executing VM operation: HandshakeAllThreads (Deoptimize)
Event: 2.723 Executing VM operation: HandshakeAllThreads (Deoptimize) done
Event: 2.824 Executing VM operation: ICBufferFull
Event: 2.825 Executing VM operation: ICBufferFull done
Event: 3.421 Executing VM operation: ICBufferFull
Event: 3.421 Executing VM operation: ICBufferFull done
Event: 3.975 Executing VM operation: ICBufferFull
Event: 3.975 Executing VM operation: ICBufferFull done
Event: 4.217 Executing VM operation: G1CollectForAllocation (G1 Evacuation Pause)
Event: 4.229 Executing VM operation: G1CollectForAllocation (G1 Evacuation Pause) done
Event: 4.653 Executing VM operation: ICBufferFull
Event: 4.653 Executing VM operation: ICBufferFull done

Events (15 events):
Event: 0.036 Thread 0x00000230397b9730 Thread added: 0x00000230397b9730
Event: 0.058 Thread 0x0000023055e49460 Thread added: 0x0000023055e49460
Event: 0.058 Thread 0x0000023055e4c640 Thread added: 0x0000023055e4c640
Event: 0.058 Thread 0x0000023055e501c0 Thread added: 0x0000023055e501c0
Event: 0.058 Thread 0x0000023055e50820 Thread added: 0x0000023055e50820
Event: 0.058 Thread 0x0000023055e5db40 Thread added: 0x0000023055e5db40
Event: 0.059 Thread 0x0000023055e61d70 Thread added: 0x0000023055e61d70
Event: 0.059 Thread 0x0000023055e6b070 Thread added: 0x0000023055e6b070
Event: 0.059 Thread 0x0000023055e74860 Thread added: 0x0000023055e74860
Event: 0.090 Thread 0x0000023055e63120 Thread added: 0x0000023055e63120
Event: 0.093 Thread 0x0000023055e61050 Thread added: 0x0000023055e61050
Event: 0.432 Thread 0x0000023055e616e0 Thread added: 0x0000023055e616e0
Event: 0.511 Thread 0x0000023055e616e0 Thread exited: 0x0000023055e616e0
Event: 1.162 Thread 0x000002309bad8ea0 Thread added: 0x000002309bad8ea0
Event: 1.175 Thread 0x000002309bad7360 Thread added: 0x000002309bad7360


Dynamic libraries:
0x00007ff7b29d0000 - 0x00007ff7b29e0000 	C:\Program Files\Java\jdk-21\bin\javaw.exe
0x00007ffbc0fe0000 - 0x00007ffbc1247000 	C:\WINDOWS\SYSTEM32\ntdll.dll
0x00007ffbbfbe0000 - 0x00007ffbbfca9000 	C:\WINDOWS\System32\KERNEL32.DLL
0x00007ffbbe4a0000 - 0x00007ffbbe88f000 	C:\WINDOWS\System32\KERNELBASE.dll
0x00007ffbbe1e0000 - 0x00007ffbbe32b000 	C:\WINDOWS\System32\ucrtbase.dll
0x00007ffb72660000 - 0x00007ffb7267b000 	C:\Program Files\Java\jdk-21\bin\VCRUNTIME140.dll
0x00007ffb712f0000 - 0x00007ffb71309000 	C:\Program Files\Java\jdk-21\bin\jli.dll
0x00007ffbc0050000 - 0x00007ffbc0104000 	C:\WINDOWS\System32\ADVAPI32.dll
0x00007ffbc0ef0000 - 0x00007ffbc0f99000 	C:\WINDOWS\System32\msvcrt.dll
0x00007ffbbfab0000 - 0x00007ffbbfb56000 	C:\WINDOWS\System32\sechost.dll
0x00007ffbbfcc0000 - 0x00007ffbbfdd8000 	C:\WINDOWS\System32\RPCRT4.dll
0x00007ffbc0290000 - 0x00007ffbc0455000 	C:\WINDOWS\System32\USER32.dll
0x00007ffbbe9e0000 - 0x00007ffbbea07000 	C:\WINDOWS\System32\win32u.dll
0x00007ffbc0460000 - 0x00007ffbc048b000 	C:\WINDOWS\System32\GDI32.dll
0x00007ffbbea10000 - 0x00007ffbbeb3c000 	C:\WINDOWS\System32\gdi32full.dll
0x00007ffbbe8a0000 - 0x00007ffbbe943000 	C:\WINDOWS\System32\msvcp_win.dll
0x00007ffba8010000 - 0x00007ffba82a3000 	C:\WINDOWS\WinSxS\amd64_microsoft.windows.common-controls_6595b64144ccf1df_6.0.26100.7309_none_3e05feeae336a044\COMCTL32.dll
0x00007ffbb6f80000 - 0x00007ffbb6f8b000 	C:\WINDOWS\SYSTEM32\VERSION.dll
0x00007ffbbede0000 - 0x00007ffbbee11000 	C:\WINDOWS\System32\IMM32.DLL
0x00007ffbb8e30000 - 0x00007ffbb8e3c000 	C:\Program Files\Java\jdk-21\bin\vcruntime140_1.dll
0x00007ffb472b0000 - 0x00007ffb4733e000 	C:\Program Files\Java\jdk-21\bin\msvcp140.dll
0x00007ffb04e70000 - 0x00007ffb05b8a000 	C:\Program Files\Java\jdk-21\bin\server\jvm.dll
0x00007ffbc0e70000 - 0x00007ffbc0ee4000 	C:\WINDOWS\System32\WS2_32.dll
0x00007ffbbdf90000 - 0x00007ffbbdfee000 	C:\WINDOWS\SYSTEM32\POWRPROF.dll
0x00007ffbb6f40000 - 0x00007ffbb6f75000 	C:\WINDOWS\SYSTEM32\WINMM.dll
0x00007ffbbdf70000 - 0x00007ffbbdf84000 	C:\WINDOWS\SYSTEM32\UMPDC.dll
0x00007ffbbcee0000 - 0x00007ffbbcefb000 	C:\WINDOWS\SYSTEM32\kernel.appcore.dll
0x00007ffbb2140000 - 0x00007ffbb214a000 	C:\Program Files\Java\jdk-21\bin\jimage.dll
0x00007ffbb3eb0000 - 0x00007ffbb40f2000 	C:\WINDOWS\SYSTEM32\DBGHELP.DLL
0x00007ffbc0490000 - 0x00007ffbc0816000 	C:\WINDOWS\System32\combase.dll
0x00007ffbbf9c0000 - 0x00007ffbbfa96000 	C:\WINDOWS\System32\OLEAUT32.dll
0x00007ffba3b00000 - 0x00007ffba3b3c000 	C:\WINDOWS\SYSTEM32\dbgcore.DLL
0x00007ffbbe130000 - 0x00007ffbbe1d5000 	C:\WINDOWS\System32\bcryptPrimitives.dll
0x00007ffb707c0000 - 0x00007ffb707df000 	C:\Program Files\Java\jdk-21\bin\java.dll
0x00007ffbbee20000 - 0x00007ffbbf573000 	C:\WINDOWS\System32\SHELL32.dll
0x00007ffbbe330000 - 0x00007ffbbe49a000 	C:\WINDOWS\System32\wintypes.dll
0x00007ffbbbd50000 - 0x00007ffbbc5ae000 	C:\WINDOWS\SYSTEM32\windows.storage.dll
0x00007ffbc0820000 - 0x00007ffbc0915000 	C:\WINDOWS\System32\SHCORE.dll
0x00007ffbbf950000 - 0x00007ffbbf9b6000 	C:\WINDOWS\System32\shlwapi.dll
0x00007ffbbe050000 - 0x00007ffbbe079000 	C:\WINDOWS\SYSTEM32\profapi.dll
0x00007ffb471d0000 - 0x00007ffb472a7000 	C:\Program Files\Java\jdk-21\bin\jsvml.dll
0x00007ffbad330000 - 0x00007ffbad340000 	C:\Program Files\Java\jdk-21\bin\net.dll
0x00007ffbb6db0000 - 0x00007ffbb6ed8000 	C:\WINDOWS\SYSTEM32\WINHTTP.dll
0x00007ffbbd450000 - 0x00007ffbbd4bb000 	C:\WINDOWS\system32\mswsock.dll
0x00007ffb70280000 - 0x00007ffb70296000 	C:\Program Files\Java\jdk-21\bin\nio.dll
0x00007ffb70120000 - 0x00007ffb70138000 	C:\Program Files\Java\jdk-21\bin\zip.dll
0x00007ffbad010000 - 0x00007ffbad034000 	C:\Users\THADAKAMALLA\AppData\Local\Temp\jansi-2.4.1-cc077fe16c26b1eb-jansi.dll
0x00007ffba1c40000 - 0x00007ffba1c50000 	C:\Program Files\Java\jdk-21\bin\verify.dll
0x00007ffbbc8f0000 - 0x00007ffbbc924000 	C:\WINDOWS\SYSTEM32\IPHLPAPI.DLL
0x00007ffbbfcb0000 - 0x00007ffbbfcba000 	C:\WINDOWS\System32\NSI.dll
0x00007ffbad270000 - 0x00007ffbad279000 	C:\Program Files\Java\jdk-21\bin\extnet.dll

dbghelp: loaded successfully - version: 4.0.5 - missing functions: none
symbol engine: initialized successfully - sym options: 0x614 - pdb path: .;C:\Program Files\Java\jdk-21\bin;C:\WINDOWS\SYSTEM32;C:\WINDOWS\WinSxS\amd64_microsoft.windows.common-controls_6595b64144ccf1df_6.0.26100.7309_none_3e05feeae336a044;C:\Program Files\Java\jdk-21\bin\server;C:\Users\THADAKAMALLA\AppData\Local\Temp

VM Arguments:
jvm_args: -Dmaven.home=EMBEDDED -Dclassworlds.conf=C:\Users\THADAKAMALLA\eclipse-Training\.metadata\.plugins\org.eclipse.m2e.launching\launches\m2conf11864067445489071253.tmp -Dmaven.multiModuleProjectDirectory=C:\Users\THADAKAMALLA\eclipse-Training\sf -Dm2e.build.project.data.socket.port=58579 -Dfile.encoding=UTF-8 -Dstdout.encoding=UTF-8 -Dstderr.encoding=UTF-8 -XX:+ShowCodeDetailsInExceptionMessages 
java_command: org.codehaus.plexus.classworlds.launcher.Launcher -B -Dstyle.color=always test
java_class_path (initial): C:\Users\THADAKAMALLA\.p2\pool\plugins\org.eclipse.m2e.maven.runtime_3.9.900.20250220-2013\jars\plexus-classworlds-2.8.0.jar
Launcher Type: SUN_STANDARD

[Global flags]
     intx CICompilerCount                          = 4                                         {product} {ergonomic}
     uint ConcGCThreads                            = 2                                         {product} {ergonomic}
     uint G1ConcRefinementThreads                  = 8                                         {product} {ergonomic}
   size_t G1HeapRegionSize                         = 1048576                                   {product} {ergonomic}
    uintx GCDrainStackTargetSize                   = 64                                        {product} {ergonomic}
   size_t InitialHeapSize                          = 123731968                                 {product} {ergonomic}
   size_t MarkStackSize                            = 4194304                                   {product} {ergonomic}
   size_t MaxHeapSize                              = 1967128576                                {product} {ergonomic}
   size_t MaxNewSize                               = 1179648000                                {product} {ergonomic}
   size_t MinHeapDeltaBytes                        = 1048576                                   {product} {ergonomic}
   size_t MinHeapSize                              = 8388608                                   {product} {ergonomic}
    uintx NonNMethodCodeHeapSize                   = 5839372                                {pd product} {ergonomic}
    uintx NonProfiledCodeHeapSize                  = 122909434                              {pd product} {ergonomic}
    uintx ProfiledCodeHeapSize                     = 122909434                              {pd product} {ergonomic}
    uintx ReservedCodeCacheSize                    = 251658240                              {pd product} {ergonomic}
     bool SegmentedCodeCache                       = true                                      {product} {ergonomic}
     bool ShowCodeDetailsInExceptionMessages       = true                                   {manageable} {command line}
   size_t SoftMaxHeapSize                          = 1967128576                             {manageable} {ergonomic}
     bool UseCompressedOops                        = true                           {product lp64_product} {ergonomic}
     bool UseG1GC                                  = true                                      {product} {ergonomic}
     bool UseLargePagesIndividualAllocation        = false                                  {pd product} {ergonomic}

Logging:
Log output configuration:
 #0: stdout all=warning uptime,level,tags foldmultilines=false
 #1: stderr all=off uptime,level,tags foldmultilines=false

Environment Variables:
JAVA_HOME=C:\Program Files\Java\jdk-21
PATH=C:\Program Files\Common Files\Oracle\Java\javapath;C:\WINDOWS\system32;C:\WINDOWS;C:\WINDOWS\System32\Wbem;C:\WINDOWS\System32\WindowsPowerShell\v1.0\;C:\WINDOWS\System32\OpenSSH\;C:\Program Files\Java\jdk-21\bin;C:\Program Files\Git\cmd;C:\Users\THADAKAMALLA\Downloads\jdk-21_windows-x64_bin;C:\Program Files\Java\jdk-21\bin;C:\Program Files\MySQL\MySQL Server 8.0\bin;C:\Users\THADAKAMALLA\AppData\Local\Microsoft\WindowsApps;C:\Users\THADAKAMALLA\Downloads\jdk-21_windows-x64_bin;C:\Users\THADAKAMALLA\AppData\Local\Programs\Microsoft VS Code\bin
USERNAME=THADAKAMALLA
OS=Windows_NT
PROCESSOR_IDENTIFIER=AMD64 Family 23 Model 104 Stepping 1, AuthenticAMD
TMP=C:\Users\THADAK~1\AppData\Local\Temp
TEMP=C:\Users\THADAK~1\AppData\Local\Temp




Periodic native trim disabled

---------------  S Y S T E M  ---------------

OS:
 Windows 11 , 64 bit Build 26100 (10.0.26100.7623)
OS uptime: 1 days 0:55 hours

CPU: total 8 (initial active 8) (8 cores per cpu, 2 threads per core) family 23 model 104 stepping 1 microcode 0x8608107, cx8, cmov, fxsr, ht, mmx, 3dnowpref, sse, sse2, sse3, ssse3, sse4a, sse4.1, sse4.2, popcnt, lzcnt, tsc, tscinvbit, avx, avx2, aes, clmul, bmi1, bmi2, adx, sha, fma, vzeroupper, clflush, clflushopt, rdtscp, rdpid, f16c
Processor Information for all 8 processors :
  Max Mhz: 2600, Current Mhz: 2600, Mhz Limit: 2600

Memory: 4k page, system-wide physical 7502M (589M free)
TotalPageFile size 21783M (AvailPageFile size 9M)
current process WorkingSet (physical memory assigned to process): 189M, peak: 191M
current process commit charge ("private bytes"): 266M, peak: 268M

vm_info: Java HotSpot(TM) 64-Bit Server VM (21.0.7+8-LTS-245) for windows-amd64 JRE (21.0.7+8-LTS-245), built on 2025-02-21T05:11:27Z by "mach5one" with MS VC++ 17.6 (VS2022)

END.
